[INFO] Error stacktraces are turned on.
[INFO] Scanning for projects...
[INFO] 
[INFO] ----------------< com.example.sample:sample-project-a >-----------------
[INFO] Building sample-project-a 1.0-SNAPSHOT
[INFO]   from interpolated-pom.xml
[INFO] --------------------------------[ jar ]---------------------------------
[INFO] 
[INFO] --- resources:3.0.2:resources (default-resources) @ sample-project-a ---
[WARNING] Using platform encoding (UTF-8 actually) to copy filtered resources, i.e. build is platform dependent!
[INFO] skip non existing resourceDirectory /Users/jangjunhyeog/Desktop/workspace/samples/sample-project-a/sample-project-a/src/main/resources
[INFO] 
[INFO] --- compiler:3.8.0:compile (default-compile) @ sample-project-a ---
[INFO] Nothing to compile - all classes are up to date
[INFO] 
[INFO] --- resources:3.0.2:testResources (default-testResources) @ sample-project-a ---
[WARNING] Using platform encoding (UTF-8 actually) to copy filtered resources, i.e. build is platform dependent!
[INFO] skip non existing resourceDirectory /Users/jangjunhyeog/Desktop/workspace/samples/sample-project-a/sample-project-a/src/test/resources
[INFO] 
[INFO] --- compiler:3.8.0:testCompile (default-testCompile) @ sample-project-a ---
[INFO] Changes detected - recompiling the module!
[WARNING] File encoding has not been set, using platform encoding UTF-8, i.e. build is platform dependent!
[INFO] Compiling 1 source file to /Users/jangjunhyeog/Desktop/workspace/samples/sample-project-a/sample-project-a/target/test-classes
[INFO] 
[INFO] --- surefire:2.22.1:test (default-test) @ sample-project-a ---
[INFO] Surefire report directory: /Users/jangjunhyeog/Desktop/workspace/samples/sample-project-a/sample-project-a/target/surefire-reports
[INFO] 
[INFO] -------------------------------------------------------
[INFO]  T E S T S
[INFO] -------------------------------------------------------
[INFO] Running com.example.sample.AppTest
[INFO] Tests run: 1, Failures: 0, Errors: 0, Skipped: 0, Time elapsed: 0.012 s - in com.example.sample.AppTest
[INFO] 
[INFO] Results:
[INFO] 
[INFO] Tests run: 1, Failures: 0, Errors: 0, Skipped: 0
[INFO] 
[INFO] ------------------------------------------------------------------------
[INFO] BUILD SUCCESS
[INFO] ------------------------------------------------------------------------
[INFO] Total time:  1.190 s
[INFO] Finished at: 2026-01-11T16:06:13+09:00
[INFO] ------------------------------------------------------------------------
